<?xml version="1.0" encoding="UTF-8"?>
<!-- Generated by org.testng.reporters.JUnitReportReporter -->
<testsuite skipped="0" hostname="Malleswari2012" name="api.weatherDetails.GetCitiesWeatherDetailsTest" tests="2" failures="0" timestamp="2020-08-31T20:03:53 IST" time="5.956" errors="0">
  <testcase name="getWeatherDetails" time="1.469" classname="api.weatherDetails.GetCitiesWeatherDetailsTest"/>
  <system-out/>
  <testcase name="getWeatherDetails" time="4.487" classname="api.weatherDetails.GetCitiesWeatherDetailsTest"/>
  <system-out/>
</testsuite> <!-- api.weatherDetails.GetCitiesWeatherDetailsTest -->
